<?xml version="1.0" encoding="UTF-8"?>
<testng-results skipped="0" failed="0" total="1" passed="1">
  <reporter-output>
  </reporter-output>
  <suite name="Surefire suite" duration-ms="78" started-at="2023-05-02T17:22:05Z" finished-at="2023-05-02T17:22:05Z">
    <groups>
    </groups>
    <test name="Surefire test" duration-ms="78" started-at="2023-05-02T17:22:05Z" finished-at="2023-05-02T17:22:05Z">
      <class name="test.com.itexps.CalculatorTest">
        <test-method status="PASS" signature="setUpClass()[pri:0, instance:test.com.itexps.CalculatorTest@47f6473]" name="setUpClass" is-config="true" duration-ms="0" started-at="2023-05-02T12:22:05Z" finished-at="2023-05-02T12:22:05Z">
          <reporter-output>
          </reporter-output>
        </test-method> <!-- setUpClass -->
        <test-method status="PASS" signature="setUpMethod()[pri:0, instance:test.com.itexps.CalculatorTest@47f6473]" name="setUpMethod" is-config="true" duration-ms="0" started-at="2023-05-02T12:22:05Z" finished-at="2023-05-02T12:22:05Z">
          <reporter-output>
          </reporter-output>
        </test-method> <!-- setUpMethod -->
        <test-method status="PASS" signature="testAdd()[pri:0, instance:test.com.itexps.CalculatorTest@47f6473]" name="testAdd" duration-ms="63" started-at="2023-05-02T12:22:05Z" finished-at="2023-05-02T12:22:05Z">
          <reporter-output>
          </reporter-output>
        </test-method> <!-- testAdd -->
        <test-method status="PASS" signature="tearDownMethod()[pri:0, instance:test.com.itexps.CalculatorTest@47f6473]" name="tearDownMethod" is-config="true" duration-ms="0" started-at="2023-05-02T12:22:05Z" finished-at="2023-05-02T12:22:05Z">
          <reporter-output>
          </reporter-output>
        </test-method> <!-- tearDownMethod -->
        <test-method status="PASS" signature="tearDownClass()[pri:0, instance:test.com.itexps.CalculatorTest@47f6473]" name="tearDownClass" is-config="true" duration-ms="0" started-at="2023-05-02T12:22:05Z" finished-at="2023-05-02T12:22:05Z">
          <reporter-output>
          </reporter-output>
        </test-method> <!-- tearDownClass -->
      </class> <!-- test.com.itexps.CalculatorTest -->
    </test> <!-- Surefire test -->
  </suite> <!-- Surefire suite -->
</testng-results>
